# JRE version: Java(TM) SE Runtime Environment (8.0_191-b12) (build 1.8.0_191-b12)
# Java VM: Java HotSpot(TM) 64-Bit Server VM (25.191-b12 mixed mode windows-amd64 compressed oops)
Heap:
 PSYoungGen      total 71680K, used 3540K [0x00000000d5a00000, 0x00000000da500000, 0x0000000100000000)
  eden space 66560K, 5% used [0x00000000d5a00000,0x00000000d5d752a8,0x00000000d9b00000)
  from space 5120K, 0% used [0x00000000da000000,0x00000000da000000,0x00000000da500000)
  to   space 5120K, 0% used [0x00000000d9b00000,0x00000000d9b00000,0x00000000da000000)
 ParOldGen       total 94720K, used 14034K [0x0000000080e00000, 0x0000000086a80000, 0x00000000d5a00000)
  object space 94720K, 14% used [0x0000000080e00000,0x0000000081bb4ad0,0x0000000086a80000)
 Metaspace       used 34113K, capacity 35764K, committed 36008K, reserved 1081344K
  class space    used 4462K, capacity 4740K, committed 4776K, reserved 1048576K
GC Heap History (10 events):
Event: 3.345 GC heap before
{Heap before GC invocations=6 (full 1):
 PSYoungGen      total 71680K, used 66560K [0x00000000d5a00000, 0x00000000da500000, 0x0000000100000000)
  eden space 66560K, 100% used [0x00000000d5a00000,0x00000000d9b00000,0x00000000d9b00000)
  from space 5120K, 0% used [0x00000000da000000,0x00000000da000000,0x00000000da500000)
  to   space 5120K, 0% used [0x00000000d9b00000,0x00000000d9b00000,0x00000000da000000)
 ParOldGen       total 59392K, used 7575K [0x0000000080e00000, 0x0000000084800000, 0x00000000d5a00000)
  object space 59392K, 12% used [0x0000000080e00000,0x0000000081565d10,0x0000000084800000)
 Metaspace       used 23676K, capacity 24712K, committed 24832K, reserved 1071104K
  class space    used 3090K, capacity 3314K, committed 3328K, reserved 1048576K
Event: 3.350 GC heap after
Heap after GC invocations=6 (full 1):
 PSYoungGen      total 71680K, used 5119K [0x00000000d5a00000, 0x00000000da500000, 0x0000000100000000)
  eden space 66560K, 0% used [0x00000000d5a00000,0x00000000d5a00000,0x00000000d9b00000)
  from space 5120K, 99% used [0x00000000d9b00000,0x00000000d9fffec8,0x00000000da000000)
  to   space 5120K, 0% used [0x00000000da000000,0x00000000da000000,0x00000000da500000)
 ParOldGen       total 59392K, used 8031K [0x0000000080e00000, 0x0000000084800000, 0x00000000d5a00000)
  object space 59392K, 13% used [0x0000000080e00000,0x00000000815d7cf0,0x0000000084800000)
 Metaspace       used 23676K, capacity 24712K, committed 24832K, reserved 1071104K
  class space    used 3090K, capacity 3314K, committed 3328K, reserved 1048576K
}
Event: 4.006 GC heap before
{Heap before GC invocations=7 (full 1):
 PSYoungGen      total 71680K, used 71679K [0x00000000d5a00000, 0x00000000da500000, 0x0000000100000000)
  eden space 66560K, 100% used [0x00000000d5a00000,0x00000000d9b00000,0x00000000d9b00000)
  from space 5120K, 99% used [0x00000000d9b00000,0x00000000d9fffec8,0x00000000da000000)
  to   space 5120K, 0% used [0x00000000da000000,0x00000000da000000,0x00000000da500000)
 ParOldGen       total 59392K, used 8031K [0x0000000080e00000, 0x0000000084800000, 0x00000000d5a00000)
  object space 59392K, 13% used [0x0000000080e00000,0x00000000815d7cf0,0x0000000084800000)
 Metaspace       used 25599K, capacity 26696K, committed 27008K, reserved 1073152K
  class space    used 3363K, capacity 3592K, committed 3712K, reserved 1048576K
Event: 4.011 GC heap after
Heap after GC invocations=7 (full 1):
 PSYoungGen      total 71680K, used 5100K [0x00000000d5a00000, 0x00000000da500000, 0x0000000100000000)
  eden space 66560K, 0% used [0x00000000d5a00000,0x00000000d5a00000,0x00000000d9b00000)
  from space 5120K, 99% used [0x00000000da000000,0x00000000da4fb3c0,0x00000000da500000)
  to   space 5120K, 0% used [0x00000000d9b00000,0x00000000d9b00000,0x00000000da000000)
 ParOldGen       total 59392K, used 9778K [0x0000000080e00000, 0x0000000084800000, 0x00000000d5a00000)
  object space 59392K, 16% used [0x0000000080e00000,0x000000008178ca48,0x0000000084800000)
 Metaspace       used 25599K, capacity 26696K, committed 27008K, reserved 1073152K
  class space    used 3363K, capacity 3592K, committed 3712K, reserved 1048576K
}
Event: 5.129 GC heap before
{Heap before GC invocations=8 (full 1):
 PSYoungGen      total 71680K, used 71660K [0x00000000d5a00000, 0x00000000da500000, 0x0000000100000000)
  eden space 66560K, 100% used [0x00000000d5a00000,0x00000000d9b00000,0x00000000d9b00000)
  from space 5120K, 99% used [0x00000000da000000,0x00000000da4fb3c0,0x00000000da500000)
  to   space 5120K, 0% used [0x00000000d9b00000,0x00000000d9b00000,0x00000000da000000)
 ParOldGen       total 59392K, used 9778K [0x0000000080e00000, 0x0000000084800000, 0x00000000d5a00000)
  object space 59392K, 16% used [0x0000000080e00000,0x000000008178ca48,0x0000000084800000)
 Metaspace       used 31027K, capacity 32228K, committed 32256K, reserved 1077248K
  class space    used 4078K, capacity 4334K, committed 4352K, reserved 1048576K
Event: 5.144 GC heap after
Heap after GC invocations=8 (full 1):
 PSYoungGen      total 71680K, used 5108K [0x00000000d5a00000, 0x00000000da500000, 0x0000000100000000)
  eden space 66560K, 0% used [0x00000000d5a00000,0x00000000d5a00000,0x00000000d9b00000)
  from space 5120K, 99% used [0x00000000d9b00000,0x00000000d9ffd030,0x00000000da000000)
  to   space 5120K, 0% used [0x00000000da000000,0x00000000da000000,0x00000000da500000)
 ParOldGen       total 59392K, used 15246K [0x0000000080e00000, 0x0000000084800000, 0x00000000d5a00000)
  object space 59392K, 25% used [0x0000000080e00000,0x0000000081ce3a70,0x0000000084800000)
 Metaspace       used 31027K, capacity 32228K, committed 32256K, reserved 1077248K
  class space    used 4078K, capacity 4334K, committed 4352K, reserved 1048576K
}
Event: 5.938 GC heap before
{Heap before GC invocations=9 (full 1):
 PSYoungGen      total 71680K, used 37115K [0x00000000d5a00000, 0x00000000da500000, 0x0000000100000000)
  eden space 66560K, 48% used [0x00000000d5a00000,0x00000000d7941cc8,0x00000000d9b00000)
  from space 5120K, 99% used [0x00000000d9b00000,0x00000000d9ffd030,0x00000000da000000)
  to   space 5120K, 0% used [0x00000000da000000,0x00000000da000000,0x00000000da500000)
 ParOldGen       total 59392K, used 15246K [0x0000000080e00000, 0x0000000084800000, 0x00000000d5a00000)
  object space 59392K, 25% used [0x0000000080e00000,0x0000000081ce3a70,0x0000000084800000)
 Metaspace       used 33862K, capacity 35444K, committed 35496K, reserved 1079296K
  class space    used 4438K, capacity 4740K, committed 4776K, reserved 1048576K
Event: 5.946 GC heap after
Heap after GC invocations=9 (full 1):
 PSYoungGen      total 71680K, used 5105K [0x00000000d5a00000, 0x00000000da500000, 0x0000000100000000)
  eden space 66560K, 0% used [0x00000000d5a00000,0x00000000d5a00000,0x00000000d9b00000)
  from space 5120K, 99% used [0x00000000da000000,0x00000000da4fc600,0x00000000da500000)
  to   space 5120K, 0% used [0x00000000d9b00000,0x00000000d9b00000,0x00000000da000000)
 ParOldGen       total 59392K, used 18609K [0x0000000080e00000, 0x0000000084800000, 0x00000000d5a00000)
  object space 59392K, 31% used [0x0000000080e00000,0x000000008202c548,0x0000000084800000)
 Metaspace       used 33862K, capacity 35444K, committed 35496K, reserved 1079296K
  class space    used 4438K, capacity 4740K, committed 4776K, reserved 1048576K
}
Event: 5.946 GC heap before
{Heap before GC invocations=10 (full 2):
 PSYoungGen      total 71680K, used 5105K [0x00000000d5a00000, 0x00000000da500000, 0x0000000100000000)
  eden space 66560K, 0% used [0x00000000d5a00000,0x00000000d5a00000,0x00000000d9b00000)
  from space 5120K, 99% used [0x00000000da000000,0x00000000da4fc600,0x00000000da500000)
  to   space 5120K, 0% used [0x00000000d9b00000,0x00000000d9b00000,0x00000000da000000)
 ParOldGen       total 59392K, used 18609K [0x0000000080e00000, 0x0000000084800000, 0x00000000d5a00000)
  object space 59392K, 31% used [0x0000000080e00000,0x000000008202c548,0x0000000084800000)
 Metaspace       used 33862K, capacity 35444K, committed 35496K, reserved 1079296K
  class space    used 4438K, capacity 4740K, committed 4776K, reserved 1048576K
Event: 6.033 GC heap after
Heap after GC invocations=10 (full 2):
 PSYoungGen      total 71680K, used 0K [0x00000000d5a00000, 0x00000000da500000, 0x0000000100000000)
  eden space 66560K, 0% used [0x00000000d5a00000,0x00000000d5a00000,0x00000000d9b00000)
  from space 5120K, 0% used [0x00000000da000000,0x00000000da000000,0x00000000da500000)
  to   space 5120K, 0% used [0x00000000d9b00000,0x00000000d9b00000,0x00000000da000000)
 ParOldGen       total 94720K, used 14034K [0x0000000080e00000, 0x0000000086a80000, 0x00000000d5a00000)
  object space 94720K, 14% used [0x0000000080e00000,0x0000000081bb4ad0,0x0000000086a80000)
 Metaspace       used 33862K, capacity 35444K, committed 35496K, reserved 1079296K
  class space    used 4438K, capacity 4740K, committed 4776K, reserved 1048576K
}

