# JRE version: Java(TM) SE Runtime Environment (8.0_191-b12) (build 1.8.0_191-b12)
# Java VM: Java HotSpot(TM) 64-Bit Server VM (25.191-b12 mixed mode windows-amd64 compressed oops)
Heap:
 PSYoungGen      total 152576K, used 86584K [0x00000000d5a00000, 0x00000000dfc00000, 0x0000000100000000)
  eden space 139264K, 62% used [0x00000000d5a00000,0x00000000dae8e2a0,0x00000000de200000)
  from space 13312K, 0% used [0x00000000de200000,0x00000000de200000,0x00000000def00000)
  to   space 11776K, 0% used [0x00000000df000000,0x00000000df000000,0x00000000dfb80000)
 ParOldGen       total 74752K, used 12906K [0x0000000080e00000, 0x0000000085700000, 0x00000000d5a00000)
  object space 74752K, 17% used [0x0000000080e00000,0x0000000081a9aa98,0x0000000085700000)
 Metaspace       used 40747K, capacity 42986K, committed 43304K, reserved 1087488K
  class space    used 5489K, capacity 5861K, committed 5936K, reserved 1048576K
GC Heap History (10 events):
Event: 3.523 GC heap before
{Heap before GC invocations=7 (full 1):
 PSYoungGen      total 71680K, used 69911K [0x00000000d5a00000, 0x00000000dcf80000, 0x0000000100000000)
  eden space 66560K, 100% used [0x00000000d5a00000,0x00000000d9b00000,0x00000000d9b00000)
  from space 5120K, 65% used [0x00000000d9b00000,0x00000000d9e45e88,0x00000000da000000)
  to   space 10240K, 0% used [0x00000000dc580000,0x00000000dc580000,0x00000000dcf80000)
 ParOldGen       total 62464K, used 7795K [0x0000000080e00000, 0x0000000084b00000, 0x00000000d5a00000)
  object space 62464K, 12% used [0x0000000080e00000,0x000000008159cc48,0x0000000084b00000)
 Metaspace       used 24503K, capacity 25512K, committed 25776K, reserved 1071104K
  class space    used 3145K, capacity 3378K, committed 3504K, reserved 1048576K
Event: 3.529 GC heap after
Heap after GC invocations=7 (full 1):
 PSYoungGen      total 104960K, used 6152K [0x00000000d5a00000, 0x00000000dcc80000, 0x0000000100000000)
  eden space 97792K, 0% used [0x00000000d5a00000,0x00000000d5a00000,0x00000000db980000)
  from space 7168K, 85% used [0x00000000dc580000,0x00000000dcb822b0,0x00000000dcc80000)
  to   space 9728K, 0% used [0x00000000db980000,0x00000000db980000,0x00000000dc300000)
 ParOldGen       total 62464K, used 7803K [0x0000000080e00000, 0x0000000084b00000, 0x00000000d5a00000)
  object space 62464K, 12% used [0x0000000080e00000,0x000000008159ec48,0x0000000084b00000)
 Metaspace       used 24503K, capacity 25512K, committed 25776K, reserved 1071104K
  class space    used 3145K, capacity 3378K, committed 3504K, reserved 1048576K
}
Event: 5.049 GC heap before
{Heap before GC invocations=8 (full 1):
 PSYoungGen      total 104960K, used 103944K [0x00000000d5a00000, 0x00000000dcc80000, 0x0000000100000000)
  eden space 97792K, 100% used [0x00000000d5a00000,0x00000000db980000,0x00000000db980000)
  from space 7168K, 85% used [0x00000000dc580000,0x00000000dcb822b0,0x00000000dcc80000)
  to   space 9728K, 0% used [0x00000000db980000,0x00000000db980000,0x00000000dc300000)
 ParOldGen       total 62464K, used 7803K [0x0000000080e00000, 0x0000000084b00000, 0x00000000d5a00000)
  object space 62464K, 12% used [0x0000000080e00000,0x000000008159ec48,0x0000000084b00000)
 Metaspace       used 30221K, capacity 31840K, committed 32048K, reserved 1077248K
  class space    used 3992K, capacity 4278K, committed 4400K, reserved 1048576K
Event: 5.064 GC heap after
Heap after GC invocations=8 (full 1):
 PSYoungGen      total 107520K, used 9697K [0x00000000d5a00000, 0x00000000dfb80000, 0x0000000100000000)
  eden space 97792K, 0% used [0x00000000d5a00000,0x00000000d5a00000,0x00000000db980000)
  from space 9728K, 99% used [0x00000000db980000,0x00000000dc2f8440,0x00000000dc300000)
  to   space 11776K, 0% used [0x00000000df000000,0x00000000df000000,0x00000000dfb80000)
 ParOldGen       total 62464K, used 9590K [0x0000000080e00000, 0x0000000084b00000, 0x00000000d5a00000)
  object space 62464K, 15% used [0x0000000080e00000,0x000000008175dab0,0x0000000084b00000)
 Metaspace       used 30221K, capacity 31840K, committed 32048K, reserved 1077248K
  class space    used 3992K, capacity 4278K, committed 4400K, reserved 1048576K
}
Event: 6.380 GC heap before
{Heap before GC invocations=9 (full 1):
 PSYoungGen      total 107520K, used 107489K [0x00000000d5a00000, 0x00000000dfb80000, 0x0000000100000000)
  eden space 97792K, 100% used [0x00000000d5a00000,0x00000000db980000,0x00000000db980000)
  from space 9728K, 99% used [0x00000000db980000,0x00000000dc2f8440,0x00000000dc300000)
  to   space 11776K, 0% used [0x00000000df000000,0x00000000df000000,0x00000000dfb80000)
 ParOldGen       total 62464K, used 9590K [0x0000000080e00000, 0x0000000084b00000, 0x00000000d5a00000)
  object space 62464K, 15% used [0x0000000080e00000,0x000000008175dab0,0x0000000084b00000)
 Metaspace       used 33643K, capacity 35362K, committed 35496K, reserved 1079296K
  class space    used 4422K, capacity 4739K, committed 4784K, reserved 1048576K
Event: 6.391 GC heap after
Heap after GC invocations=9 (full 1):
 PSYoungGen      total 151040K, used 11024K [0x00000000d5a00000, 0x00000000dfc00000, 0x0000000100000000)
  eden space 139264K, 0% used [0x00000000d5a00000,0x00000000d5a00000,0x00000000de200000)
  from space 11776K, 93% used [0x00000000df000000,0x00000000dfac4390,0x00000000dfb80000)
  to   space 13312K, 0% used [0x00000000de200000,0x00000000de200000,0x00000000def00000)
 ParOldGen       total 62464K, used 9598K [0x0000000080e00000, 0x0000000084b00000, 0x00000000d5a00000)
  object space 62464K, 15% used [0x0000000080e00000,0x000000008175fab0,0x0000000084b00000)
 Metaspace       used 33643K, capacity 35362K, committed 35496K, reserved 1079296K
  class space    used 4422K, capacity 4739K, committed 4784K, reserved 1048576K
}
Event: 6.409 GC heap before
{Heap before GC invocations=10 (full 1):
 PSYoungGen      total 151040K, used 17268K [0x00000000d5a00000, 0x00000000dfc00000, 0x0000000100000000)
  eden space 139264K, 4% used [0x00000000d5a00000,0x00000000d6019008,0x00000000de200000)
  from space 11776K, 93% used [0x00000000df000000,0x00000000dfac4390,0x00000000dfb80000)
  to   space 13312K, 0% used [0x00000000de200000,0x00000000de200000,0x00000000def00000)
 ParOldGen       total 62464K, used 9598K [0x0000000080e00000, 0x0000000084b00000, 0x00000000d5a00000)
  object space 62464K, 15% used [0x0000000080e00000,0x000000008175fab0,0x0000000084b00000)
 Metaspace       used 33749K, capacity 35464K, committed 35496K, reserved 1079296K
  class space    used 4436K, capacity 4772K, committed 4784K, reserved 1048576K
Event: 6.421 GC heap after
Heap after GC invocations=10 (full 1):
 PSYoungGen      total 152576K, used 8429K [0x00000000d5a00000, 0x00000000dfc00000, 0x0000000100000000)
  eden space 139264K, 0% used [0x00000000d5a00000,0x00000000d5a00000,0x00000000de200000)
  from space 13312K, 63% used [0x00000000de200000,0x00000000dea3b600,0x00000000def00000)
  to   space 11776K, 0% used [0x00000000df000000,0x00000000df000000,0x00000000dfb80000)
 ParOldGen       total 62464K, used 9606K [0x0000000080e00000, 0x0000000084b00000, 0x00000000d5a00000)
  object space 62464K, 15% used [0x0000000080e00000,0x0000000081761ab0,0x0000000084b00000)
 Metaspace       used 33749K, capacity 35464K, committed 35496K, reserved 1079296K
  class space    used 4436K, capacity 4772K, committed 4784K, reserved 1048576K
}
Event: 6.421 GC heap before
{Heap before GC invocations=11 (full 2):
 PSYoungGen      total 152576K, used 8429K [0x00000000d5a00000, 0x00000000dfc00000, 0x0000000100000000)
  eden space 139264K, 0% used [0x00000000d5a00000,0x00000000d5a00000,0x00000000de200000)
  from space 13312K, 63% used [0x00000000de200000,0x00000000dea3b600,0x00000000def00000)
  to   space 11776K, 0% used [0x00000000df000000,0x00000000df000000,0x00000000dfb80000)
 ParOldGen       total 62464K, used 9606K [0x0000000080e00000, 0x0000000084b00000, 0x00000000d5a00000)
  object space 62464K, 15% used [0x0000000080e00000,0x0000000081761ab0,0x0000000084b00000)
 Metaspace       used 33749K, capacity 35464K, committed 35496K, reserved 1079296K
  class space    used 4436K, capacity 4772K, committed 4784K, reserved 1048576K
Event: 6.508 GC heap after
Heap after GC invocations=11 (full 2):
 PSYoungGen      total 152576K, used 0K [0x00000000d5a00000, 0x00000000dfc00000, 0x0000000100000000)
  eden space 139264K, 0% used [0x00000000d5a00000,0x00000000d5a00000,0x00000000de200000)
  from space 13312K, 0% used [0x00000000de200000,0x00000000de200000,0x00000000def00000)
  to   space 11776K, 0% used [0x00000000df000000,0x00000000df000000,0x00000000dfb80000)
 ParOldGen       total 74752K, used 12906K [0x0000000080e00000, 0x0000000085700000, 0x00000000d5a00000)
  object space 74752K, 17% used [0x0000000080e00000,0x0000000081a9aa98,0x0000000085700000)
 Metaspace       used 33749K, capacity 35464K, committed 35496K, reserved 1079296K
  class space    used 4436K, capacity 4772K, committed 4784K, reserved 1048576K
}

