# JRE version: Java(TM) SE Runtime Environment (8.0_191-b12) (build 1.8.0_191-b12)
# Java VM: Java HotSpot(TM) 64-Bit Server VM (25.191-b12 mixed mode windows-amd64 compressed oops)
Heap:
 PSYoungGen      total 169472K, used 85256K [0x00000000d5a00000, 0x00000000e0f00000, 0x0000000100000000)
  eden space 158208K, 53% used [0x00000000d5a00000,0x00000000dad42128,0x00000000df480000)
  from space 11264K, 0% used [0x00000000e0400000,0x00000000e0400000,0x00000000e0f00000)
  to   space 13312K, 0% used [0x00000000df500000,0x00000000df500000,0x00000000e0200000)
 ParOldGen       total 90624K, used 15207K [0x0000000080e00000, 0x0000000086680000, 0x00000000d5a00000)
  object space 90624K, 16% used [0x0000000080e00000,0x0000000081cd9e08,0x0000000086680000)
 Metaspace       used 40753K, capacity 43046K, committed 43304K, reserved 1087488K
  class space    used 5489K, capacity 5861K, committed 5936K, reserved 1048576K
GC Heap History (10 events):
Event: 2.728 GC heap before
{Heap before GC invocations=6 (full 1):
 PSYoungGen      total 71680K, used 66560K [0x00000000d5a00000, 0x00000000da500000, 0x0000000100000000)
  eden space 66560K, 100% used [0x00000000d5a00000,0x00000000d9b00000,0x00000000d9b00000)
  from space 5120K, 0% used [0x00000000da000000,0x00000000da000000,0x00000000da500000)
  to   space 5120K, 0% used [0x00000000d9b00000,0x00000000d9b00000,0x00000000da000000)
 ParOldGen       total 58880K, used 7736K [0x0000000080e00000, 0x0000000084780000, 0x00000000d5a00000)
  object space 58880K, 13% used [0x0000000080e00000,0x000000008158e030,0x0000000084780000)
 Metaspace       used 23047K, capacity 23952K, committed 24240K, reserved 1071104K
  class space    used 2993K, capacity 3194K, committed 3248K, reserved 1048576K
Event: 2.742 GC heap after
Heap after GC invocations=6 (full 1):
 PSYoungGen      total 71680K, used 3303K [0x00000000d5a00000, 0x00000000dd600000, 0x0000000100000000)
  eden space 66560K, 0% used [0x00000000d5a00000,0x00000000d5a00000,0x00000000d9b00000)
  from space 5120K, 64% used [0x00000000d9b00000,0x00000000d9e39d30,0x00000000da000000)
  to   space 10240K, 0% used [0x00000000dcc00000,0x00000000dcc00000,0x00000000dd600000)
 ParOldGen       total 58880K, used 7744K [0x0000000080e00000, 0x0000000084780000, 0x00000000d5a00000)
  object space 58880K, 13% used [0x0000000080e00000,0x0000000081590030,0x0000000084780000)
 Metaspace       used 23047K, capacity 23952K, committed 24240K, reserved 1071104K
  class space    used 2993K, capacity 3194K, committed 3248K, reserved 1048576K
}
Event: 3.289 GC heap before
{Heap before GC invocations=7 (full 1):
 PSYoungGen      total 71680K, used 69863K [0x00000000d5a00000, 0x00000000dd600000, 0x0000000100000000)
  eden space 66560K, 100% used [0x00000000d5a00000,0x00000000d9b00000,0x00000000d9b00000)
  from space 5120K, 64% used [0x00000000d9b00000,0x00000000d9e39d30,0x00000000da000000)
  to   space 10240K, 0% used [0x00000000dcc00000,0x00000000dcc00000,0x00000000dd600000)
 ParOldGen       total 58880K, used 7744K [0x0000000080e00000, 0x0000000084780000, 0x00000000d5a00000)
  object space 58880K, 13% used [0x0000000080e00000,0x0000000081590030,0x0000000084780000)
 Metaspace       used 24484K, capacity 25496K, committed 25776K, reserved 1071104K
  class space    used 3154K, capacity 3378K, committed 3504K, reserved 1048576K
Event: 3.295 GC heap after
Heap after GC invocations=7 (full 1):
 PSYoungGen      total 111616K, used 6135K [0x00000000d5a00000, 0x00000000dd300000, 0x0000000100000000)
  eden space 104448K, 0% used [0x00000000d5a00000,0x00000000d5a00000,0x00000000dc000000)
  from space 7168K, 85% used [0x00000000dcc00000,0x00000000dd1fde60,0x00000000dd300000)
  to   space 9728K, 0% used [0x00000000dc000000,0x00000000dc000000,0x00000000dc980000)
 ParOldGen       total 58880K, used 7752K [0x0000000080e00000, 0x0000000084780000, 0x00000000d5a00000)
  object space 58880K, 13% used [0x0000000080e00000,0x0000000081592030,0x0000000084780000)
 Metaspace       used 24484K, capacity 25496K, committed 25776K, reserved 1071104K
  class space    used 3154K, capacity 3378K, committed 3504K, reserved 1048576K
}
Event: 4.998 GC heap before
{Heap before GC invocations=8 (full 1):
 PSYoungGen      total 111616K, used 110583K [0x00000000d5a00000, 0x00000000dd300000, 0x0000000100000000)
  eden space 104448K, 100% used [0x00000000d5a00000,0x00000000dc000000,0x00000000dc000000)
  from space 7168K, 85% used [0x00000000dcc00000,0x00000000dd1fde60,0x00000000dd300000)
  to   space 9728K, 0% used [0x00000000dc000000,0x00000000dc000000,0x00000000dc980000)
 ParOldGen       total 58880K, used 7752K [0x0000000080e00000, 0x0000000084780000, 0x00000000d5a00000)
  object space 58880K, 13% used [0x0000000080e00000,0x0000000081592030,0x0000000084780000)
 Metaspace       used 30622K, capacity 32184K, committed 32304K, reserved 1077248K
  class space    used 4035K, capacity 4310K, committed 4400K, reserved 1048576K
Event: 5.016 GC heap after
Heap after GC invocations=8 (full 1):
 PSYoungGen      total 114176K, used 9714K [0x00000000d5a00000, 0x00000000e1000000, 0x0000000100000000)
  eden space 104448K, 0% used [0x00000000d5a00000,0x00000000d5a00000,0x00000000dc000000)
  from space 9728K, 99% used [0x00000000dc000000,0x00000000dc97c828,0x00000000dc980000)
  to   space 12288K, 0% used [0x00000000e0400000,0x00000000e0400000,0x00000000e1000000)
 ParOldGen       total 58880K, used 9917K [0x0000000080e00000, 0x0000000084780000, 0x00000000d5a00000)
  object space 58880K, 16% used [0x0000000080e00000,0x00000000817af550,0x0000000084780000)
 Metaspace       used 30622K, capacity 32184K, committed 32304K, reserved 1077248K
  class space    used 4035K, capacity 4310K, committed 4400K, reserved 1048576K
}
Event: 6.309 GC heap before
{Heap before GC invocations=9 (full 1):
 PSYoungGen      total 114176K, used 103903K [0x00000000d5a00000, 0x00000000e1000000, 0x0000000100000000)
  eden space 104448K, 90% used [0x00000000d5a00000,0x00000000db5fb508,0x00000000dc000000)
  from space 9728K, 99% used [0x00000000dc000000,0x00000000dc97c828,0x00000000dc980000)
  to   space 12288K, 0% used [0x00000000e0400000,0x00000000e0400000,0x00000000e1000000)
 ParOldGen       total 58880K, used 9917K [0x0000000080e00000, 0x0000000084780000, 0x00000000d5a00000)
  object space 58880K, 16% used [0x0000000080e00000,0x00000000817af550,0x0000000084780000)
 Metaspace       used 33729K, capacity 35438K, committed 35496K, reserved 1079296K
  class space    used 4434K, capacity 4743K, committed 4784K, reserved 1048576K
Event: 6.318 GC heap after
Heap after GC invocations=9 (full 1):
 PSYoungGen      total 169472K, used 10942K [0x00000000d5a00000, 0x00000000e0f00000, 0x0000000100000000)
  eden space 158208K, 0% used [0x00000000d5a00000,0x00000000d5a00000,0x00000000df480000)
  from space 11264K, 97% used [0x00000000e0400000,0x00000000e0eaf840,0x00000000e0f00000)
  to   space 13312K, 0% used [0x00000000df500000,0x00000000df500000,0x00000000e0200000)
 ParOldGen       total 58880K, used 9925K [0x0000000080e00000, 0x0000000084780000, 0x00000000d5a00000)
  object space 58880K, 16% used [0x0000000080e00000,0x00000000817b1550,0x0000000084780000)
 Metaspace       used 33729K, capacity 35438K, committed 35496K, reserved 1079296K
  class space    used 4434K, capacity 4743K, committed 4784K, reserved 1048576K
}
Event: 6.318 GC heap before
{Heap before GC invocations=10 (full 2):
 PSYoungGen      total 169472K, used 10942K [0x00000000d5a00000, 0x00000000e0f00000, 0x0000000100000000)
  eden space 158208K, 0% used [0x00000000d5a00000,0x00000000d5a00000,0x00000000df480000)
  from space 11264K, 97% used [0x00000000e0400000,0x00000000e0eaf840,0x00000000e0f00000)
  to   space 13312K, 0% used [0x00000000df500000,0x00000000df500000,0x00000000e0200000)
 ParOldGen       total 58880K, used 9925K [0x0000000080e00000, 0x0000000084780000, 0x00000000d5a00000)
  object space 58880K, 16% used [0x0000000080e00000,0x00000000817b1550,0x0000000084780000)
 Metaspace       used 33729K, capacity 35438K, committed 35496K, reserved 1079296K
  class space    used 4434K, capacity 4743K, committed 4784K, reserved 1048576K
Event: 6.382 GC heap after
Heap after GC invocations=10 (full 2):
 PSYoungGen      total 169472K, used 0K [0x00000000d5a00000, 0x00000000e0f00000, 0x0000000100000000)
  eden space 158208K, 0% used [0x00000000d5a00000,0x00000000d5a00000,0x00000000df480000)
  from space 11264K, 0% used [0x00000000e0400000,0x00000000e0400000,0x00000000e0f00000)
  to   space 13312K, 0% used [0x00000000df500000,0x00000000df500000,0x00000000e0200000)
 ParOldGen       total 90624K, used 15207K [0x0000000080e00000, 0x0000000086680000, 0x00000000d5a00000)
  object space 90624K, 16% used [0x0000000080e00000,0x0000000081cd9e08,0x0000000086680000)
 Metaspace       used 33729K, capacity 35438K, committed 35496K, reserved 1079296K
  class space    used 4434K, capacity 4743K, committed 4784K, reserved 1048576K
}

